{"/home/henry/projects/make-it-real/Favs-API/index.js": {"path":"/home/henry/projects/make-it-real/Favs-API/index.js","statementMap":{"0":{"start":{"line":1,"column":0},"end":{"line":1,"column":27}},"1":{"start":{"line":3,"column":16},"end":{"line":3,"column":34}},"2":{"start":{"line":4,"column":22},"end":{"line":4,"column":53}},"3":{"start":{"line":5,"column":18},"end":{"line":5,"column":46}},"4":{"start":{"line":6,"column":15},"end":{"line":6,"column":34}},"5":{"start":{"line":9,"column":12},"end":{"line":9,"column":21}},"6":{"start":{"line":11,"column":13},"end":{"line":11,"column":37}},"7":{"start":{"line":12,"column":15},"end":{"line":18,"column":2}},"8":{"start":{"line":13,"column":2},"end":{"line":13,"column":21}},"9":{"start":{"line":14,"column":2},"end":{"line":14,"column":14}},"10":{"start":{"line":15,"column":2},"end":{"line":15,"column":14}},"11":{"start":{"line":17,"column":2},"end":{"line":17,"column":48}},"12":{"start":{"line":20,"column":0},"end":{"line":20,"column":33}}},"fnMap":{"0":{"name":"(anonymous_0)","decl":{"start":{"line":12,"column":32},"end":{"line":12,"column":33}},"loc":{"start":{"line":12,"column":38},"end":{"line":18,"column":1}},"line":12}},"branchMap":{"0":{"loc":{"start":{"line":11,"column":13},"end":{"line":11,"column":37}},"type":"binary-expr","locations":[{"start":{"line":11,"column":13},"end":{"line":11,"column":29}},{"start":{"line":11,"column":33},"end":{"line":11,"column":37}}],"line":11}},"s":{"0":1,"1":1,"2":1,"3":1,"4":1,"5":1,"6":1,"7":1,"8":1,"9":1,"10":1,"11":1,"12":1},"f":{"0":1},"b":{"0":[1,0]},"_coverageSchema":"1a1c01bbd47fc00a2c39e90264f33305004495a9","hash":"ae3293a6562d975cbb39a25bcfd26d1b0fa03445"}
,"/home/henry/projects/make-it-real/Favs-API/routes.js": {"path":"/home/henry/projects/make-it-real/Favs-API/routes.js","statementMap":{"0":{"start":{"line":1,"column":13},"end":{"line":1,"column":34}},"1":{"start":{"line":2,"column":13},"end":{"line":2,"column":34}},"2":{"start":{"line":3,"column":20},"end":{"line":3,"column":49}},"3":{"start":{"line":6,"column":2},"end":{"line":6,"column":30}},"4":{"start":{"line":7,"column":2},"end":{"line":7,"column":30}},"5":{"start":{"line":8,"column":2},"end":{"line":8,"column":36}},"6":{"start":{"line":9,"column":2},"end":{"line":11,"column":5}},"7":{"start":{"line":10,"column":4},"end":{"line":10,"column":44}},"8":{"start":{"line":14,"column":0},"end":{"line":14,"column":24}}},"fnMap":{"0":{"name":"routes","decl":{"start":{"line":5,"column":9},"end":{"line":5,"column":15}},"loc":{"start":{"line":5,"column":21},"end":{"line":12,"column":1}},"line":5},"1":{"name":"(anonymous_1)","decl":{"start":{"line":9,"column":15},"end":{"line":9,"column":16}},"loc":{"start":{"line":9,"column":29},"end":{"line":11,"column":3}},"line":9}},"branchMap":{},"s":{"0":1,"1":1,"2":1,"3":1,"4":1,"5":1,"6":1,"7":1,"8":1},"f":{"0":1,"1":1},"b":{},"_coverageSchema":"1a1c01bbd47fc00a2c39e90264f33305004495a9","hash":"66d6cdfd9c56f8f8c916f094e1aeba6e2a31d769"}
,"/home/henry/projects/make-it-real/Favs-API/api/favoriteList/favoriteList.controller.js": {"path":"/home/henry/projects/make-it-real/Favs-API/api/favoriteList/favoriteList.controller.js","statementMap":{"0":{"start":{"line":1,"column":0},"end":{"line":1,"column":27}},"1":{"start":{"line":2,"column":16},"end":{"line":2,"column":47}},"2":{"start":{"line":5,"column":2},"end":{"line":31,"column":3}},"3":{"start":{"line":6,"column":31},"end":{"line":6,"column":39}},"4":{"start":{"line":7,"column":23},"end":{"line":7,"column":31}},"5":{"start":{"line":9,"column":4},"end":{"line":12,"column":5}},"6":{"start":{"line":10,"column":6},"end":{"line":10,"column":72}},"7":{"start":{"line":11,"column":6},"end":{"line":11,"column":13}},"8":{"start":{"line":15,"column":27},"end":{"line":15,"column":73}},"9":{"start":{"line":16,"column":4},"end":{"line":28,"column":5}},"10":{"start":{"line":17,"column":6},"end":{"line":19,"column":72}},"11":{"start":{"line":21,"column":22},"end":{"line":25,"column":8}},"12":{"start":{"line":27,"column":6},"end":{"line":27,"column":36}},"13":{"start":{"line":30,"column":4},"end":{"line":30,"column":41}},"14":{"start":{"line":35,"column":2},"end":{"line":46,"column":3}},"15":{"start":{"line":36,"column":18},"end":{"line":36,"column":33}},"16":{"start":{"line":37,"column":20},"end":{"line":41,"column":13}},"17":{"start":{"line":43,"column":4},"end":{"line":43,"column":34}},"18":{"start":{"line":45,"column":4},"end":{"line":45,"column":41}},"19":{"start":{"line":50,"column":2},"end":{"line":64,"column":3}},"20":{"start":{"line":51,"column":30},"end":{"line":51,"column":40}},"21":{"start":{"line":52,"column":18},"end":{"line":52,"column":33}},"22":{"start":{"line":54,"column":20},"end":{"line":59,"column":13}},"23":{"start":{"line":61,"column":4},"end":{"line":61,"column":34}},"24":{"start":{"line":63,"column":4},"end":{"line":63,"column":41}},"25":{"start":{"line":68,"column":2},"end":{"line":80,"column":3}},"26":{"start":{"line":69,"column":30},"end":{"line":69,"column":40}},"27":{"start":{"line":70,"column":18},"end":{"line":70,"column":33}},"28":{"start":{"line":72,"column":4},"end":{"line":75,"column":7}},"29":{"start":{"line":77,"column":4},"end":{"line":77,"column":44}},"30":{"start":{"line":79,"column":4},"end":{"line":79,"column":41}},"31":{"start":{"line":83,"column":0},"end":{"line":88,"column":2}}},"fnMap":{"0":{"name":"createFavList","decl":{"start":{"line":4,"column":15},"end":{"line":4,"column":28}},"loc":{"start":{"line":4,"column":39},"end":{"line":32,"column":1}},"line":4},"1":{"name":"getFavList","decl":{"start":{"line":34,"column":15},"end":{"line":34,"column":25}},"loc":{"start":{"line":34,"column":36},"end":{"line":47,"column":1}},"line":34},"2":{"name":"getFavListById","decl":{"start":{"line":49,"column":15},"end":{"line":49,"column":29}},"loc":{"start":{"line":49,"column":40},"end":{"line":65,"column":1}},"line":49},"3":{"name":"deleteFavListById","decl":{"start":{"line":67,"column":15},"end":{"line":67,"column":32}},"loc":{"start":{"line":67,"column":43},"end":{"line":81,"column":1}},"line":67}},"branchMap":{"0":{"loc":{"start":{"line":9,"column":4},"end":{"line":12,"column":5}},"type":"if","locations":[{"start":{"line":9,"column":4},"end":{"line":12,"column":5}},{"start":{},"end":{}}],"line":9},"1":{"loc":{"start":{"line":16,"column":4},"end":{"line":28,"column":5}},"type":"if","locations":[{"start":{"line":16,"column":4},"end":{"line":28,"column":5}},{"start":{"line":20,"column":11},"end":{"line":28,"column":5}}],"line":16}},"s":{"0":1,"1":1,"2":4,"3":4,"4":4,"5":4,"6":1,"7":1,"8":3,"9":3,"10":1,"11":2,"12":2,"13":0,"14":1,"15":1,"16":1,"17":1,"18":0,"19":0,"20":0,"21":0,"22":0,"23":0,"24":0,"25":0,"26":0,"27":0,"28":0,"29":0,"30":0,"31":1},"f":{"0":4,"1":1,"2":0,"3":0},"b":{"0":[1,3],"1":[1,2]},"_coverageSchema":"1a1c01bbd47fc00a2c39e90264f33305004495a9","hash":"523c26baaa0deefe6df5a8d847f9591c0005d7d6"}
,"/home/henry/projects/make-it-real/Favs-API/api/favoriteList/favoriteList.model.js": {"path":"/home/henry/projects/make-it-real/Favs-API/api/favoriteList/favoriteList.model.js","statementMap":{"0":{"start":{"line":1,"column":17},"end":{"line":1,"column":36}},"1":{"start":{"line":3,"column":27},"end":{"line":19,"column":1}},"2":{"start":{"line":20,"column":0},"end":{"line":20,"column":68}}},"fnMap":{},"branchMap":{},"s":{"0":1,"1":1,"2":1},"f":{},"b":{},"_coverageSchema":"1a1c01bbd47fc00a2c39e90264f33305004495a9","hash":"e1462823b314454cf57eb7e409fd2d5ea73fec59"}
,"/home/henry/projects/make-it-real/Favs-API/api/favoriteList/index.js": {"path":"/home/henry/projects/make-it-real/Favs-API/api/favoriteList/index.js","statementMap":{"0":{"start":{"line":1,"column":19},"end":{"line":1,"column":37}},"1":{"start":{"line":7,"column":4},"end":{"line":7,"column":40}},"2":{"start":{"line":8,"column":24},"end":{"line":8,"column":56}},"3":{"start":{"line":10,"column":15},"end":{"line":10,"column":23}},"4":{"start":{"line":13,"column":0},"end":{"line":13,"column":49}},"5":{"start":{"line":14,"column":0},"end":{"line":14,"column":45}},"6":{"start":{"line":15,"column":0},"end":{"line":15,"column":52}},"7":{"start":{"line":16,"column":0},"end":{"line":16,"column":58}},"8":{"start":{"line":18,"column":0},"end":{"line":18,"column":24}}},"fnMap":{},"branchMap":{},"s":{"0":1,"1":1,"2":1,"3":1,"4":1,"5":1,"6":1,"7":1,"8":1},"f":{},"b":{},"_coverageSchema":"1a1c01bbd47fc00a2c39e90264f33305004495a9","hash":"2ba3a667f8c159a1dc41dbcc808fec128c7619bb"}
,"/home/henry/projects/make-it-real/Favs-API/api/item/index.js": {"path":"/home/henry/projects/make-it-real/Favs-API/api/item/index.js","statementMap":{"0":{"start":{"line":1,"column":19},"end":{"line":1,"column":37}},"1":{"start":{"line":2,"column":23},"end":{"line":2,"column":51}},"2":{"start":{"line":4,"column":15},"end":{"line":4,"column":23}},"3":{"start":{"line":7,"column":0},"end":{"line":7,"column":39}},"4":{"start":{"line":9,"column":0},"end":{"line":9,"column":24}}},"fnMap":{},"branchMap":{},"s":{"0":1,"1":1,"2":1,"3":1,"4":1},"f":{},"b":{},"_coverageSchema":"1a1c01bbd47fc00a2c39e90264f33305004495a9","hash":"5d5108e4fb6ab9dd6c09b9f17a8469d8832defdc"}
,"/home/henry/projects/make-it-real/Favs-API/api/item/item.controller.js": {"path":"/home/henry/projects/make-it-real/Favs-API/api/item/item.controller.js","statementMap":{"0":{"start":{"line":1,"column":0},"end":{"line":1,"column":27}},"1":{"start":{"line":2,"column":13},"end":{"line":2,"column":36}},"2":{"start":{"line":5,"column":2},"end":{"line":17,"column":3}},"3":{"start":{"line":6,"column":41},"end":{"line":6,"column":49}},"4":{"start":{"line":8,"column":4},"end":{"line":13,"column":5}},"5":{"start":{"line":9,"column":6},"end":{"line":9,"column":59}},"6":{"start":{"line":11,"column":19},"end":{"line":11,"column":66}},"7":{"start":{"line":12,"column":6},"end":{"line":12,"column":33}},"8":{"start":{"line":16,"column":4},"end":{"line":16,"column":41}},"9":{"start":{"line":20,"column":0},"end":{"line":22,"column":2}}},"fnMap":{"0":{"name":"createItem","decl":{"start":{"line":4,"column":15},"end":{"line":4,"column":25}},"loc":{"start":{"line":4,"column":36},"end":{"line":18,"column":1}},"line":4}},"branchMap":{"0":{"loc":{"start":{"line":8,"column":4},"end":{"line":13,"column":5}},"type":"if","locations":[{"start":{"line":8,"column":4},"end":{"line":13,"column":5}},{"start":{"line":10,"column":10},"end":{"line":13,"column":5}}],"line":8}},"s":{"0":1,"1":1,"2":2,"3":2,"4":2,"5":1,"6":1,"7":1,"8":0,"9":1},"f":{"0":2},"b":{"0":[1,1]},"_coverageSchema":"1a1c01bbd47fc00a2c39e90264f33305004495a9","hash":"63cacc850f348e73c2d0bc4f79ef09aca1684f75"}
,"/home/henry/projects/make-it-real/Favs-API/api/item/item.model.js": {"path":"/home/henry/projects/make-it-real/Favs-API/api/item/item.model.js","statementMap":{"0":{"start":{"line":1,"column":17},"end":{"line":1,"column":36}},"1":{"start":{"line":3,"column":19},"end":{"line":20,"column":1}},"2":{"start":{"line":21,"column":0},"end":{"line":21,"column":52}}},"fnMap":{},"branchMap":{},"s":{"0":1,"1":1,"2":1},"f":{},"b":{},"_coverageSchema":"1a1c01bbd47fc00a2c39e90264f33305004495a9","hash":"431a79176ee3aa070f9586891e52acec994aa27b"}
,"/home/henry/projects/make-it-real/Favs-API/api/user/index.js": {"path":"/home/henry/projects/make-it-real/Favs-API/api/user/index.js","statementMap":{"0":{"start":{"line":1,"column":19},"end":{"line":1,"column":37}},"1":{"start":{"line":4,"column":4},"end":{"line":4,"column":32}},"2":{"start":{"line":6,"column":15},"end":{"line":6,"column":23}},"3":{"start":{"line":9,"column":0},"end":{"line":9,"column":39}},"4":{"start":{"line":10,"column":0},"end":{"line":10,"column":33}},"5":{"start":{"line":12,"column":0},"end":{"line":12,"column":24}}},"fnMap":{},"branchMap":{},"s":{"0":1,"1":1,"2":1,"3":1,"4":1,"5":1},"f":{},"b":{},"_coverageSchema":"1a1c01bbd47fc00a2c39e90264f33305004495a9","hash":"bb6cc620011f84ac995c9ae2cea18243035cf9b1"}
,"/home/henry/projects/make-it-real/Favs-API/api/user/user.controller.js": {"path":"/home/henry/projects/make-it-real/Favs-API/api/user/user.controller.js","statementMap":{"0":{"start":{"line":1,"column":0},"end":{"line":1,"column":27}},"1":{"start":{"line":2,"column":12},"end":{"line":2,"column":35}},"2":{"start":{"line":3,"column":15},"end":{"line":3,"column":32}},"3":{"start":{"line":4,"column":13},"end":{"line":4,"column":36}},"4":{"start":{"line":7,"column":2},"end":{"line":23,"column":3}},"5":{"start":{"line":8,"column":32},"end":{"line":8,"column":40}},"6":{"start":{"line":10,"column":4},"end":{"line":12,"column":5}},"7":{"start":{"line":11,"column":6},"end":{"line":11,"column":76}},"8":{"start":{"line":14,"column":20},"end":{"line":14,"column":49}},"9":{"start":{"line":15,"column":4},"end":{"line":20,"column":5}},"10":{"start":{"line":16,"column":6},"end":{"line":16,"column":74}},"11":{"start":{"line":18,"column":6},"end":{"line":18,"column":45}},"12":{"start":{"line":19,"column":6},"end":{"line":19,"column":46}},"13":{"start":{"line":22,"column":4},"end":{"line":22,"column":41}},"14":{"start":{"line":27,"column":2},"end":{"line":54,"column":3}},"15":{"start":{"line":28,"column":32},"end":{"line":28,"column":40}},"16":{"start":{"line":30,"column":4},"end":{"line":32,"column":5}},"17":{"start":{"line":31,"column":6},"end":{"line":31,"column":64}},"18":{"start":{"line":34,"column":17},"end":{"line":34,"column":46}},"19":{"start":{"line":36,"column":4},"end":{"line":51,"column":5}},"20":{"start":{"line":37,"column":20},"end":{"line":44,"column":7}},"21":{"start":{"line":46,"column":6},"end":{"line":46,"column":25}},"22":{"start":{"line":48,"column":6},"end":{"line":48,"column":38}},"23":{"start":{"line":50,"column":6},"end":{"line":50,"column":61}},"24":{"start":{"line":53,"column":4},"end":{"line":53,"column":36}},"25":{"start":{"line":57,"column":0},"end":{"line":60,"column":2}}},"fnMap":{"0":{"name":"createUser","decl":{"start":{"line":6,"column":15},"end":{"line":6,"column":25}},"loc":{"start":{"line":6,"column":36},"end":{"line":24,"column":1}},"line":6},"1":{"name":"loginUser","decl":{"start":{"line":26,"column":15},"end":{"line":26,"column":24}},"loc":{"start":{"line":26,"column":35},"end":{"line":55,"column":1}},"line":26}},"branchMap":{"0":{"loc":{"start":{"line":10,"column":4},"end":{"line":12,"column":5}},"type":"if","locations":[{"start":{"line":10,"column":4},"end":{"line":12,"column":5}},{"start":{},"end":{}}],"line":10},"1":{"loc":{"start":{"line":10,"column":10},"end":{"line":10,"column":27}},"type":"binary-expr","locations":[{"start":{"line":10,"column":10},"end":{"line":10,"column":15}},{"start":{"line":10,"column":19},"end":{"line":10,"column":27}}],"line":10},"2":{"loc":{"start":{"line":15,"column":4},"end":{"line":20,"column":5}},"type":"if","locations":[{"start":{"line":15,"column":4},"end":{"line":20,"column":5}},{"start":{"line":17,"column":11},"end":{"line":20,"column":5}}],"line":15},"3":{"loc":{"start":{"line":30,"column":4},"end":{"line":32,"column":5}},"type":"if","locations":[{"start":{"line":30,"column":4},"end":{"line":32,"column":5}},{"start":{},"end":{}}],"line":30},"4":{"loc":{"start":{"line":30,"column":10},"end":{"line":30,"column":27}},"type":"binary-expr","locations":[{"start":{"line":30,"column":10},"end":{"line":30,"column":15}},{"start":{"line":30,"column":19},"end":{"line":30,"column":27}}],"line":30},"5":{"loc":{"start":{"line":36,"column":4},"end":{"line":51,"column":5}},"type":"if","locations":[{"start":{"line":36,"column":4},"end":{"line":51,"column":5}},{"start":{"line":49,"column":11},"end":{"line":51,"column":5}}],"line":36},"6":{"loc":{"start":{"line":36,"column":8},"end":{"line":36,"column":63}},"type":"binary-expr","locations":[{"start":{"line":36,"column":8},"end":{"line":36,"column":12}},{"start":{"line":36,"column":17},"end":{"line":36,"column":62}}],"line":36}},"s":{"0":1,"1":1,"2":1,"3":1,"4":2,"5":2,"6":2,"7":0,"8":2,"9":2,"10":1,"11":1,"12":1,"13":0,"14":2,"15":2,"16":2,"17":0,"18":2,"19":2,"20":1,"21":1,"22":1,"23":1,"24":0,"25":1},"f":{"0":2,"1":2},"b":{"0":[0,2],"1":[2,2],"2":[1,1],"3":[0,2],"4":[2,2],"5":[1,1],"6":[2,2]},"_coverageSchema":"1a1c01bbd47fc00a2c39e90264f33305004495a9","hash":"a08d76745cb1191e5410677b71bc22d4a7b6f1e8"}
,"/home/henry/projects/make-it-real/Favs-API/api/user/user.model.js": {"path":"/home/henry/projects/make-it-real/Favs-API/api/user/user.model.js","statementMap":{"0":{"start":{"line":1,"column":17},"end":{"line":1,"column":36}},"1":{"start":{"line":2,"column":15},"end":{"line":2,"column":32}},"2":{"start":{"line":4,"column":25},"end":{"line":4,"column":27}},"3":{"start":{"line":6,"column":2},"end":{"line":6,"column":136}},"4":{"start":{"line":7,"column":25},"end":{"line":7,"column":89}},"5":{"start":{"line":9,"column":19},"end":{"line":28,"column":1}},"6":{"start":{"line":30,"column":0},"end":{"line":46,"column":3}},"7":{"start":{"line":31,"column":15},"end":{"line":31,"column":19}},"8":{"start":{"line":32,"column":2},"end":{"line":32,"column":43}},"9":{"start":{"line":32,"column":36},"end":{"line":32,"column":43}},"10":{"start":{"line":34,"column":2},"end":{"line":45,"column":5}},"11":{"start":{"line":35,"column":4},"end":{"line":37,"column":5}},"12":{"start":{"line":36,"column":6},"end":{"line":36,"column":22}},"13":{"start":{"line":38,"column":4},"end":{"line":44,"column":7}},"14":{"start":{"line":39,"column":6},"end":{"line":41,"column":7}},"15":{"start":{"line":40,"column":8},"end":{"line":40,"column":24}},"16":{"start":{"line":42,"column":6},"end":{"line":42,"column":27}},"17":{"start":{"line":43,"column":6},"end":{"line":43,"column":13}},"18":{"start":{"line":48,"column":0},"end":{"line":48,"column":52}}},"fnMap":{"0":{"name":"save","decl":{"start":{"line":30,"column":32},"end":{"line":30,"column":36}},"loc":{"start":{"line":30,"column":43},"end":{"line":46,"column":1}},"line":30},"1":{"name":"(anonymous_1)","decl":{"start":{"line":34,"column":35},"end":{"line":34,"column":36}},"loc":{"start":{"line":34,"column":56},"end":{"line":45,"column":3}},"line":34},"2":{"name":"(anonymous_2)","decl":{"start":{"line":38,"column":37},"end":{"line":38,"column":38}},"loc":{"start":{"line":38,"column":58},"end":{"line":44,"column":5}},"line":38}},"branchMap":{"0":{"loc":{"start":{"line":32,"column":2},"end":{"line":32,"column":43}},"type":"if","locations":[{"start":{"line":32,"column":2},"end":{"line":32,"column":43}},{"start":{},"end":{}}],"line":32},"1":{"loc":{"start":{"line":35,"column":4},"end":{"line":37,"column":5}},"type":"if","locations":[{"start":{"line":35,"column":4},"end":{"line":37,"column":5}},{"start":{},"end":{}}],"line":35},"2":{"loc":{"start":{"line":39,"column":6},"end":{"line":41,"column":7}},"type":"if","locations":[{"start":{"line":39,"column":6},"end":{"line":41,"column":7}},{"start":{},"end":{}}],"line":39}},"s":{"0":1,"1":1,"2":1,"3":1,"4":1,"5":1,"6":1,"7":2,"8":2,"9":0,"10":2,"11":2,"12":0,"13":2,"14":2,"15":0,"16":2,"17":2,"18":1},"f":{"0":2,"1":2,"2":2},"b":{"0":[0,2],"1":[0,2],"2":[0,2]},"_coverageSchema":"1a1c01bbd47fc00a2c39e90264f33305004495a9","hash":"3d924e531b2304306c54962fbac2df41fa638ba7"}
,"/home/henry/projects/make-it-real/Favs-API/config/database.js": {"path":"/home/henry/projects/make-it-real/Favs-API/config/database.js","statementMap":{"0":{"start":{"line":1,"column":0},"end":{"line":1,"column":27}},"1":{"start":{"line":3,"column":17},"end":{"line":3,"column":36}},"2":{"start":{"line":5,"column":52},"end":{"line":5,"column":63}},"3":{"start":{"line":8,"column":2},"end":{"line":17,"column":3}},"4":{"start":{"line":9,"column":26},"end":{"line":9,"column":78}},"5":{"start":{"line":10,"column":4},"end":{"line":10,"column":42}},"6":{"start":{"line":12,"column":4},"end":{"line":12,"column":50}},"7":{"start":{"line":15,"column":4},"end":{"line":15,"column":21}},"8":{"start":{"line":16,"column":4},"end":{"line":16,"column":20}},"9":{"start":{"line":20,"column":0},"end":{"line":20,"column":27}}},"fnMap":{"0":{"name":"connectDB","decl":{"start":{"line":7,"column":15},"end":{"line":7,"column":24}},"loc":{"start":{"line":7,"column":27},"end":{"line":18,"column":1}},"line":7}},"branchMap":{"0":{"loc":{"start":{"line":9,"column":26},"end":{"line":9,"column":78}},"type":"cond-expr","locations":[{"start":{"line":9,"column":48},"end":{"line":9,"column":64}},{"start":{"line":9,"column":67},"end":{"line":9,"column":78}}],"line":9}},"s":{"0":1,"1":1,"2":1,"3":1,"4":1,"5":1,"6":1,"7":0,"8":0,"9":1},"f":{"0":1},"b":{"0":[1,0]},"_coverageSchema":"1a1c01bbd47fc00a2c39e90264f33305004495a9","hash":"ad6f6f301c1ed7c60bf8ca1d98142100e91f2749"}
,"/home/henry/projects/make-it-real/Favs-API/config/expressConf.js": {"path":"/home/henry/projects/make-it-real/Favs-API/config/expressConf.js","statementMap":{"0":{"start":{"line":1,"column":16},"end":{"line":1,"column":34}},"1":{"start":{"line":2,"column":15},"end":{"line":2,"column":32}},"2":{"start":{"line":3,"column":13},"end":{"line":3,"column":28}},"3":{"start":{"line":4,"column":19},"end":{"line":4,"column":41}},"4":{"start":{"line":7,"column":2},"end":{"line":7,"column":43}},"5":{"start":{"line":8,"column":2},"end":{"line":8,"column":29}},"6":{"start":{"line":9,"column":2},"end":{"line":9,"column":25}},"7":{"start":{"line":10,"column":2},"end":{"line":10,"column":18}},"8":{"start":{"line":13,"column":0},"end":{"line":13,"column":24}}},"fnMap":{"0":{"name":"config","decl":{"start":{"line":6,"column":9},"end":{"line":6,"column":15}},"loc":{"start":{"line":6,"column":21},"end":{"line":11,"column":1}},"line":6}},"branchMap":{},"s":{"0":1,"1":1,"2":1,"3":1,"4":1,"5":1,"6":1,"7":1,"8":1},"f":{"0":1},"b":{},"_coverageSchema":"1a1c01bbd47fc00a2c39e90264f33305004495a9","hash":"899390194da483441dcb598f24d5242e4bb8e6cf"}
,"/home/henry/projects/make-it-real/Favs-API/middleware/auth.js": {"path":"/home/henry/projects/make-it-real/Favs-API/middleware/auth.js","statementMap":{"0":{"start":{"line":1,"column":12},"end":{"line":1,"column":35}},"1":{"start":{"line":3,"column":15},"end":{"line":3,"column":26}},"2":{"start":{"line":5,"column":24},"end":{"line":20,"column":1}},"3":{"start":{"line":6,"column":2},"end":{"line":19,"column":3}},"4":{"start":{"line":7,"column":25},"end":{"line":7,"column":50}},"5":{"start":{"line":8,"column":19},"end":{"line":8,"column":42}},"6":{"start":{"line":9,"column":24},"end":{"line":9,"column":33}},"7":{"start":{"line":10,"column":4},"end":{"line":12,"column":5}},"8":{"start":{"line":11,"column":6},"end":{"line":11,"column":84}},"9":{"start":{"line":14,"column":20},"end":{"line":14,"column":61}},"10":{"start":{"line":15,"column":4},"end":{"line":15,"column":23}},"11":{"start":{"line":16,"column":4},"end":{"line":16,"column":11}},"12":{"start":{"line":18,"column":4},"end":{"line":18,"column":53}},"13":{"start":{"line":22,"column":0},"end":{"line":22,"column":33}}},"fnMap":{"0":{"name":"(anonymous_0)","decl":{"start":{"line":5,"column":24},"end":{"line":5,"column":25}},"loc":{"start":{"line":5,"column":44},"end":{"line":20,"column":1}},"line":5}},"branchMap":{"0":{"loc":{"start":{"line":10,"column":4},"end":{"line":12,"column":5}},"type":"if","locations":[{"start":{"line":10,"column":4},"end":{"line":12,"column":5}},{"start":{},"end":{}}],"line":10}},"s":{"0":1,"1":1,"2":1,"3":5,"4":5,"5":5,"6":5,"7":5,"8":0,"9":5,"10":5,"11":5,"12":0,"13":1},"f":{"0":5},"b":{"0":[0,5]},"_coverageSchema":"1a1c01bbd47fc00a2c39e90264f33305004495a9","hash":"4d1e3a3e5be7ff543fed969316ef47c0a68d0dfc"}
}
