TN:
SF:index.js
FN:12,(anonymous_0)
FNF:1
FNH:1
FNDA:1,(anonymous_0)
DA:1,1
DA:3,1
DA:4,1
DA:5,1
DA:6,1
DA:9,1
DA:11,1
DA:12,1
DA:13,1
DA:14,1
DA:15,1
DA:17,1
DA:20,1
LF:13
LH:13
BRDA:11,0,0,1
BRDA:11,0,1,0
BRF:2
BRH:1
end_of_record
TN:
SF:routes.js
FN:5,routes
FN:9,(anonymous_1)
FNF:2
FNH:2
FNDA:1,routes
FNDA:1,(anonymous_1)
DA:1,1
DA:2,1
DA:3,1
DA:6,1
DA:7,1
DA:8,1
DA:9,1
DA:10,1
DA:14,1
LF:9
LH:9
BRF:0
BRH:0
end_of_record
TN:
SF:api/favoriteList/favoriteList.controller.js
FN:4,createFavList
FN:34,getFavList
FN:49,getFavListById
FN:67,deleteFavListById
FNF:4
FNH:2
FNDA:4,createFavList
FNDA:1,getFavList
FNDA:0,getFavListById
FNDA:0,deleteFavListById
DA:1,1
DA:2,1
DA:5,4
DA:6,4
DA:7,4
DA:9,4
DA:10,1
DA:11,1
DA:15,3
DA:16,3
DA:17,1
DA:21,2
DA:27,2
DA:30,0
DA:35,1
DA:36,1
DA:37,1
DA:43,1
DA:45,0
DA:50,0
DA:51,0
DA:52,0
DA:54,0
DA:61,0
DA:63,0
DA:68,0
DA:69,0
DA:70,0
DA:72,0
DA:77,0
DA:79,0
DA:83,1
LF:32
LH:18
BRDA:9,0,0,1
BRDA:9,0,1,3
BRDA:16,1,0,1
BRDA:16,1,1,2
BRF:4
BRH:4
end_of_record
TN:
SF:api/favoriteList/favoriteList.model.js
FNF:0
FNH:0
DA:1,1
DA:3,1
DA:20,1
LF:3
LH:3
BRF:0
BRH:0
end_of_record
TN:
SF:api/favoriteList/index.js
FNF:0
FNH:0
DA:1,1
DA:7,1
DA:8,1
DA:10,1
DA:13,1
DA:14,1
DA:15,1
DA:16,1
DA:18,1
LF:9
LH:9
BRF:0
BRH:0
end_of_record
TN:
SF:api/item/index.js
FNF:0
FNH:0
DA:1,1
DA:2,1
DA:4,1
DA:7,1
DA:9,1
LF:5
LH:5
BRF:0
BRH:0
end_of_record
TN:
SF:api/item/item.controller.js
FN:4,createItem
FNF:1
FNH:1
FNDA:2,createItem
DA:1,1
DA:2,1
DA:5,2
DA:6,2
DA:8,2
DA:9,1
DA:11,1
DA:12,1
DA:16,0
DA:20,1
LF:10
LH:9
BRDA:8,0,0,1
BRDA:8,0,1,1
BRF:2
BRH:2
end_of_record
TN:
SF:api/item/item.model.js
FNF:0
FNH:0
DA:1,1
DA:3,1
DA:21,1
LF:3
LH:3
BRF:0
BRH:0
end_of_record
TN:
SF:api/user/index.js
FNF:0
FNH:0
DA:1,1
DA:4,1
DA:6,1
DA:9,1
DA:10,1
DA:12,1
LF:6
LH:6
BRF:0
BRH:0
end_of_record
TN:
SF:api/user/user.controller.js
FN:6,createUser
FN:26,loginUser
FNF:2
FNH:2
FNDA:2,createUser
FNDA:2,loginUser
DA:1,1
DA:2,1
DA:3,1
DA:4,1
DA:7,2
DA:8,2
DA:10,2
DA:11,0
DA:14,2
DA:15,2
DA:16,1
DA:18,1
DA:19,1
DA:22,0
DA:27,2
DA:28,2
DA:30,2
DA:31,0
DA:34,2
DA:36,2
DA:37,1
DA:46,1
DA:48,1
DA:50,1
DA:53,0
DA:57,1
LF:26
LH:22
BRDA:10,0,0,0
BRDA:10,0,1,2
BRDA:10,1,0,2
BRDA:10,1,1,2
BRDA:15,2,0,1
BRDA:15,2,1,1
BRDA:30,3,0,0
BRDA:30,3,1,2
BRDA:30,4,0,2
BRDA:30,4,1,2
BRDA:36,5,0,1
BRDA:36,5,1,1
BRDA:36,6,0,2
BRDA:36,6,1,2
BRF:14
BRH:12
end_of_record
TN:
SF:api/user/user.model.js
FN:30,save
FN:34,(anonymous_1)
FN:38,(anonymous_2)
FNF:3
FNH:3
FNDA:2,save
FNDA:2,(anonymous_1)
FNDA:2,(anonymous_2)
DA:1,1
DA:2,1
DA:4,1
DA:6,1
DA:7,1
DA:9,1
DA:30,1
DA:31,2
DA:32,2
DA:34,2
DA:35,2
DA:36,0
DA:38,2
DA:39,2
DA:40,0
DA:42,2
DA:43,2
DA:48,1
LF:18
LH:16
BRDA:32,0,0,0
BRDA:32,0,1,2
BRDA:35,1,0,0
BRDA:35,1,1,2
BRDA:39,2,0,0
BRDA:39,2,1,2
BRF:6
BRH:3
end_of_record
TN:
SF:config/database.js
FN:7,connectDB
FNF:1
FNH:1
FNDA:1,connectDB
DA:1,1
DA:3,1
DA:5,1
DA:8,1
DA:9,1
DA:10,1
DA:12,1
DA:15,0
DA:16,0
DA:20,1
LF:10
LH:8
BRDA:9,0,0,1
BRDA:9,0,1,0
BRF:2
BRH:1
end_of_record
TN:
SF:config/expressConf.js
FN:6,config
FNF:1
FNH:1
FNDA:1,config
DA:1,1
DA:2,1
DA:3,1
DA:4,1
DA:7,1
DA:8,1
DA:9,1
DA:10,1
DA:13,1
LF:9
LH:9
BRF:0
BRH:0
end_of_record
TN:
SF:middleware/auth.js
FN:5,(anonymous_0)
FNF:1
FNH:1
FNDA:5,(anonymous_0)
DA:1,1
DA:3,1
DA:5,1
DA:6,5
DA:7,5
DA:8,5
DA:9,5
DA:10,5
DA:11,0
DA:14,5
DA:15,5
DA:16,5
DA:18,0
DA:22,1
LF:14
LH:12
BRDA:10,0,0,0
BRDA:10,0,1,5
BRF:2
BRH:1
end_of_record
